Using pre-set license
Built from '2021.3/china_unity/release' branch; Version is '2021.3.18f1c1 (93698379025b) revision 9660803'; Using compiler version '192829333'; Build Type 'Release'
OS: 'Windows 11  (10.0.22631) 64bit Professional' Language: 'zh' Physical Memory: 16044 MB
BatchMode: 1, IsHumanControllingUs: 0, StartBugReporterOnCrash: 0, Is64bit: 1, IsPro: 1

COMMAND LINE ARGUMENTS:
D:\Unity hub 编辑器\2021.3.18f1c1\Editor\Unity.exe
-adb2
-batchMode
-noUpm
-name
AssetImportWorker9
-projectPath
D:/laolianga3/DUX-A3/My project
-logFile
Logs/AssetImportWorker9.log
-srvPort
51801
Successfully changed project path to: D:/laolianga3/DUX-A3/My project
D:/laolianga3/DUX-A3/My project
[UnityMemory] Configuration Parameters - Can be set up in boot.config
    "memorysetup-bucket-allocator-granularity=16"
    "memorysetup-bucket-allocator-bucket-count=8"
    "memorysetup-bucket-allocator-block-size=33554432"
    "memorysetup-bucket-allocator-block-count=8"
    "memorysetup-main-allocator-block-size=16777216"
    "memorysetup-thread-allocator-block-size=16777216"
    "memorysetup-gfx-main-allocator-block-size=16777216"
    "memorysetup-gfx-thread-allocator-block-size=16777216"
    "memorysetup-cache-allocator-block-size=4194304"
    "memorysetup-typetree-allocator-block-size=2097152"
    "memorysetup-profiler-bucket-allocator-granularity=16"
    "memorysetup-profiler-bucket-allocator-bucket-count=8"
    "memorysetup-profiler-bucket-allocator-block-size=33554432"
    "memorysetup-profiler-bucket-allocator-block-count=8"
    "memorysetup-profiler-allocator-block-size=16777216"
    "memorysetup-profiler-editor-allocator-block-size=1048576"
    "memorysetup-temp-allocator-size-main=16777216"
    "memorysetup-job-temp-allocator-block-size=2097152"
    "memorysetup-job-temp-allocator-block-size-background=1048576"
    "memorysetup-job-temp-allocator-reduction-small-platforms=262144"
    "memorysetup-temp-allocator-size-background-worker=32768"
    "memorysetup-temp-allocator-size-job-worker=262144"
    "memorysetup-temp-allocator-size-preload-manager=33554432"
    "memorysetup-temp-allocator-size-nav-mesh-worker=65536"
    "memorysetup-temp-allocator-size-audio-worker=65536"
    "memorysetup-temp-allocator-size-cloud-worker=32768"
    "memorysetup-temp-allocator-size-gi-baking-worker=262144"
    "memorysetup-temp-allocator-size-gfx=262144"
Player connection [30176] Host "[IP] 172.24.132.91 [Port] 0 [Flags] 2 [Guid] 3137453683 [EditorId] 3137453683 [Version] 1048832 [Id] WindowsEditor(7,WIN-UI4UV363F4U) [Debug] 1 [PackageName] WindowsEditor [ProjectName] Editor" joined multi-casting on [225.0.0.222:54997]...

Player connection [30176] Host "[IP] 172.24.132.91 [Port] 0 [Flags] 2 [Guid] 3137453683 [EditorId] 3137453683 [Version] 1048832 [Id] WindowsEditor(7,WIN-UI4UV363F4U) [Debug] 1 [PackageName] WindowsEditor [ProjectName] Editor" joined alternative multi-casting on [225.0.0.222:34997]...

AS: AutoStreaming module initializing.
Refreshing native plugins compatible for Editor in 48.99 ms, found 3 plugins.
Preloading 0 native plugins for Editor in 0.00 ms.
Initialize engine version: 2021.3.18f1c1 (93698379025b)
[Subsystems] Discovering subsystems at path D:/Unity hub 编辑器/2021.3.18f1c1/Editor/Data/Resources/UnitySubsystems
[Subsystems] Discovering subsystems at path D:/laolianga3/DUX-A3/My project/Assets
GfxDevice: creating device client; threaded=0; jobified=0
Direct3D:
    Version:  Direct3D 11.0 [level 11.1]
    Renderer: NVIDIA GeForce RTX 3070 Ti Laptop GPU (ID=0x24a0)
    Vendor:   NVIDIA
    VRAM:     8018 MB
    Driver:   32.0.15.6607
Initialize mono
Mono path[0] = 'D:/Unity hub 编辑器/2021.3.18f1c1/Editor/Data/Managed'
Mono path[1] = 'D:/Unity hub 编辑器/2021.3.18f1c1/Editor/Data/MonoBleedingEdge/lib/mono/unityjit-win32'
Mono config path = 'D:/Unity hub 编辑器/2021.3.18f1c1/Editor/Data/MonoBleedingEdge/etc'
Using monoOptions --debugger-agent=transport=dt_socket,embedding=1,server=y,suspend=n,address=127.0.0.1:56476
Begin MonoManager ReloadAssembly
Registering precompiled unity dll's ...
Register platform support module: D:/Unity hub 编辑器/2021.3.18f1c1/Editor/Data/PlaybackEngines/WebGLSupport/UnityEditor.WebGL.Extensions.dll
Register platform support module: D:/Unity hub 编辑器/2021.3.18f1c1/Editor/Data/PlaybackEngines/MacStandaloneSupport/UnityEditor.OSXStandalone.Extensions.dll
Register platform support module: D:/Unity hub 编辑器/2021.3.18f1c1/Editor/Data/PlaybackEngines/AndroidPlayer/UnityEditor.Android.Extensions.dll
Register platform support module: D:/Unity hub 编辑器/2021.3.18f1c1/Editor/Data/PlaybackEngines/iOSSupport/UnityEditor.iOS.Extensions.dll
Register platform support module: D:/Unity hub 编辑器/2021.3.18f1c1/Editor/Data/PlaybackEngines/AppleTVSupport/UnityEditor.AppleTV.Extensions.dll
Register platform support module: D:/Unity hub 编辑器/2021.3.18f1c1/Editor/Data/PlaybackEngines/WindowsStandaloneSupport/UnityEditor.WindowsStandalone.Extensions.dll
Register platform support module: D:/Unity hub 编辑器/2021.3.18f1c1/Editor/Data/PlaybackEngines/LinuxStandaloneSupport/UnityEditor.LinuxStandalone.Extensions.dll
Register platform support module: D:/Unity hub 编辑器/2021.3.18f1c1/Editor/Data/PlaybackEngines/MetroSupport/UnityEditor.UWP.Extensions.dll
Registered in 0.003711 seconds.
Native extension for UWP target not found
Native extension for LinuxStandalone target not found
Native extension for WindowsStandalone target not found
[usbmuxd] Start listen thread
[usbmuxd] Listen thread started
Native extension for AppleTV target not found
[usbmuxd] Start listen thread
[usbmuxd] Listen thread started
Native extension for iOS target not found
Native extension for Android target not found
Android Extension - Scanning For ADB Devices 177 ms
Native extension for OSXStandalone target not found
Native extension for WebGL target not found
Refreshing native plugins compatible for Editor in 50.91 ms, found 3 plugins.
Preloading 0 native plugins for Editor in 0.00 ms.
Mono: successfully reloaded assembly
- Completed reload, in  0.637 seconds
Domain Reload Profiling:
	ReloadAssembly (638ms)
		BeginReloadAssembly (49ms)
			ExecutionOrderSort (0ms)
			DisableScriptedObjects (0ms)
			BackupInstance (0ms)
			ReleaseScriptingObjects (0ms)
			CreateAndSetChildDomain (0ms)
		EndReloadAssembly (514ms)
			LoadAssemblies (49ms)
			RebuildTransferFunctionScriptingTraits (0ms)
			SetupTypeCache (78ms)
			ReleaseScriptCaches (0ms)
			RebuildScriptCaches (25ms)
			SetupLoadedEditorAssemblies (373ms)
				LogAssemblyErrors (0ms)
				InitializePlatformSupportModulesInManaged (233ms)
				SetLoadedEditorAssemblies (0ms)
				RefreshPlugins (51ms)
				BeforeProcessingInitializeOnLoad (1ms)
				ProcessInitializeOnLoadAttributes (59ms)
				ProcessInitializeOnLoadMethodAttributes (29ms)
				AfterProcessingInitializeOnLoad (0ms)
				EditorAssembliesLoaded (0ms)
			ExecutionOrderSort2 (0ms)
			AwakeInstancesAfterBackupRestoration (0ms)
Platform modules already initialized, skipping
Registering precompiled user dll's ...
Registered in 0.003690 seconds.
Begin MonoManager ReloadAssembly
Symbol file LoadedFromMemory doesn't match image D:\laolianga3\DUX-A3\My project\Library\PackageCache\com.unity.visualscripting@1.8.0\Editor\VisualScripting.Core\Dependencies\YamlDotNet\Unity.VisualScripting.YamlDotNet.dll
Symbol file LoadedFromMemory doesn't match image D:\laolianga3\DUX-A3\My project\Library\PackageCache\com.unity.visualscripting@1.8.0\Editor\VisualScripting.Core\Dependencies\DotNetZip\Unity.VisualScripting.IonicZip.dll
Native extension for UWP target not found
Native extension for LinuxStandalone target not found
Native extension for WindowsStandalone target not found
Native extension for AppleTV target not found
Native extension for iOS target not found
Native extension for Android target not found
Native extension for OSXStandalone target not found
Native extension for WebGL target not found
Refreshing native plugins compatible for Editor in 0.35 ms, found 3 plugins.
Preloading 0 native plugins for Editor in 0.00 ms.
Mono: successfully reloaded assembly
- Completed reload, in  0.674 seconds
Domain Reload Profiling:
	ReloadAssembly (675ms)
		BeginReloadAssembly (79ms)
			ExecutionOrderSort (0ms)
			DisableScriptedObjects (3ms)
			BackupInstance (0ms)
			ReleaseScriptingObjects (0ms)
			CreateAndSetChildDomain (15ms)
		EndReloadAssembly (518ms)
			LoadAssemblies (53ms)
			RebuildTransferFunctionScriptingTraits (0ms)
			SetupTypeCache (175ms)
			ReleaseScriptCaches (0ms)
			RebuildScriptCaches (33ms)
			SetupLoadedEditorAssemblies (226ms)
				LogAssemblyErrors (0ms)
				InitializePlatformSupportModulesInManaged (22ms)
				SetLoadedEditorAssemblies (0ms)
				RefreshPlugins (0ms)
				BeforeProcessingInitializeOnLoad (48ms)
				ProcessInitializeOnLoadAttributes (138ms)
				ProcessInitializeOnLoadMethodAttributes (14ms)
				AfterProcessingInitializeOnLoad (4ms)
				EditorAssembliesLoaded (0ms)
			ExecutionOrderSort2 (0ms)
			AwakeInstancesAfterBackupRestoration (5ms)
Platform modules already initialized, skipping
========================================================================
Worker process is ready to serve import requests
Launched and connected shader compiler UnityShaderCompiler.exe after 0.03 seconds
Refreshing native plugins compatible for Editor in 0.37 ms, found 3 plugins.
Preloading 0 native plugins for Editor in 0.00 ms.
Unloading 3050 Unused Serialized files (Serialized files now loaded: 0)
Unloading 22 unused Assets / (56.1 KB). Loaded Objects now: 3515.
Memory consumption went from 111.8 MB to 111.8 MB.
Total: 2.283500 ms (FindLiveObjects: 0.157100 ms CreateObjectMapping: 0.070100 ms MarkObjects: 1.998800 ms  DeleteObjects: 0.056600 ms)

AssetImportParameters requested are different than current active one (requested -> active):
  custom:video-decoder-ogg-theora: a1e56fd34408186e4bbccfd4996cb3dc -> 
  custom:container-muxer-webm: aa71ff27fc2769a1b78a27578f13a17b -> 
  custom:container-demuxer-webm: 4f35f7cbe854078d1ac9338744f61a02 -> 
  custom:video-encoder-webm-vp8: eb34c28f22e8b96e1ab97ce403110664 -> 
  custom:video-codec-MediaFoundation-h265: 746d11721c4dcdbdad8f713fa42b33f4 -> 
  custom:audio-encoder-webm-vorbis: bf7c407c2cedff20999df2af8eb42d56 -> 
  custom:framework-win-MediaFoundation: 216162199b28c13a410421893ffa2e32 -> 
  custom:container-demuxer-ogg: 62fdf1f143b41e24485cea50d1cbac27 -> 
  custom:video-decoder-webm-vp8: 9c59270c3fd7afecdb556c50c9e8de78 -> 
  custom:audio-decoder-ogg-vorbis: bf7c407c2cedff20999df2af8eb42d56 -> 
========================================================================
Received Import Request.
  Time since last request: 9567.785481 seconds.
  path: Assets/模型/Poly Halloween/- Meshes/People/man-killer-halloween.fbx
  artifactKey: Guid(ce41ed363dd63304b9094d25c7818d62) Importer(815301076,1909f56bfc062723c751e8b465ee728b)
Start importing Assets/模型/Poly Halloween/- Meshes/People/man-killer-halloween.fbx using Guid(ce41ed363dd63304b9094d25c7818d62) Importer(815301076,1909f56bfc062723c751e8b465ee728b)  -> (artifact id: 'f99d5e728706fdab635a011cc3ad1d27') in 0.130634 seconds 
========================================================================
Received Import Request.
  Time since last request: 17.376669 seconds.
  path: Assets/模型/Poly Halloween/- Meshes/Halloween/candle-stick-c-unlit.fbx
  artifactKey: Guid(6ee301e24196bed43bf2380c830880c2) Importer(815301076,1909f56bfc062723c751e8b465ee728b)
Start importing Assets/模型/Poly Halloween/- Meshes/Halloween/candle-stick-c-unlit.fbx using Guid(6ee301e24196bed43bf2380c830880c2) Importer(815301076,1909f56bfc062723c751e8b465ee728b)  -> (artifact id: '7fce8a0992ecc09b5a17add084dc78b5') in 0.022768 seconds 
========================================================================
Received Import Request.
  Time since last request: 0.000035 seconds.
  path: Assets/模型/Poly Halloween/- Meshes/Halloween/candy-pumpkin.fbx
  artifactKey: Guid(e19fb63cb7b4b4a499c3198c57a4cb85) Importer(815301076,1909f56bfc062723c751e8b465ee728b)
Start importing Assets/模型/Poly Halloween/- Meshes/Halloween/candy-pumpkin.fbx using Guid(e19fb63cb7b4b4a499c3198c57a4cb85) Importer(815301076,1909f56bfc062723c751e8b465ee728b)  -> (artifact id: 'f50288c16647fe76201f0cf1d9842be0') in 0.019162 seconds 
========================================================================
Received Import Request.
  Time since last request: 0.000044 seconds.
  path: Assets/模型/Poly Halloween/- Meshes/Halloween/cauldron-potion-full.fbx
  artifactKey: Guid(020a40f7a57f9d24a977e22ce0b7d2c5) Importer(815301076,1909f56bfc062723c751e8b465ee728b)
Start importing Assets/模型/Poly Halloween/- Meshes/Halloween/cauldron-potion-full.fbx using Guid(020a40f7a57f9d24a977e22ce0b7d2c5) Importer(815301076,1909f56bfc062723c751e8b465ee728b)  -> (artifact id: '8a19ac8d8867fc6efde7d7f90398e033') in 0.017685 seconds 
========================================================================
Received Import Request.
  Time since last request: 3.043714 seconds.
  path: Assets/模型/Poly Halloween/- Meshes/Halloween/gate-graveyard.fbx
  artifactKey: Guid(eab25d0fbde50624694d6a47f3a5dbe7) Importer(815301076,1909f56bfc062723c751e8b465ee728b)
Start importing Assets/模型/Poly Halloween/- Meshes/Halloween/gate-graveyard.fbx using Guid(eab25d0fbde50624694d6a47f3a5dbe7) Importer(815301076,1909f56bfc062723c751e8b465ee728b)  -> (artifact id: 'f2c7ac3856ebbccbf767262b60c6b796') in 0.045876 seconds 
========================================================================
Received Import Request.
  Time since last request: 0.000026 seconds.
  path: Assets/模型/Poly Halloween/- Meshes/Halloween/gibbet.fbx
  artifactKey: Guid(8fd3a4cf67066bb4bbfe56d642be1efa) Importer(815301076,1909f56bfc062723c751e8b465ee728b)
Start importing Assets/模型/Poly Halloween/- Meshes/Halloween/gibbet.fbx using Guid(8fd3a4cf67066bb4bbfe56d642be1efa) Importer(815301076,1909f56bfc062723c751e8b465ee728b)  -> (artifact id: '5a9d627e0912977aae72d4d6e9276c35') in 0.030661 seconds 
========================================================================
Received Import Request.
  Time since last request: 0.000029 seconds.
  path: Assets/模型/Poly Halloween/- Meshes/Halloween/gravestone-old-small-c.fbx
  artifactKey: Guid(1c3141c5998cdc44f95b67dabf99234a) Importer(815301076,1909f56bfc062723c751e8b465ee728b)
Start importing Assets/模型/Poly Halloween/- Meshes/Halloween/gravestone-old-small-c.fbx using Guid(1c3141c5998cdc44f95b67dabf99234a) Importer(815301076,1909f56bfc062723c751e8b465ee728b)  -> (artifact id: '76724cca28a20a4786f064d1a7bf3267') in 0.017941 seconds 
========================================================================
Received Import Request.
  Time since last request: 0.046505 seconds.
  path: Assets/模型/Poly Halloween/- Meshes/Halloween/hole-graveyard.fbx
  artifactKey: Guid(d7e5348ac2214844895c967f1b088fc3) Importer(815301076,1909f56bfc062723c751e8b465ee728b)
Start importing Assets/模型/Poly Halloween/- Meshes/Halloween/hole-graveyard.fbx using Guid(d7e5348ac2214844895c967f1b088fc3) Importer(815301076,1909f56bfc062723c751e8b465ee728b)  -> (artifact id: 'd94dfa002aef6fbc901187120396c5bc') in 0.037016 seconds 
========================================================================
Received Import Request.
  Time since last request: 0.000025 seconds.
  path: Assets/模型/Poly Halloween/- Meshes/Halloween/lanterns-on-string-2m.fbx
  artifactKey: Guid(432a198070041574f824e7f82a267063) Importer(815301076,1909f56bfc062723c751e8b465ee728b)
Start importing Assets/模型/Poly Halloween/- Meshes/Halloween/lanterns-on-string-2m.fbx using Guid(432a198070041574f824e7f82a267063) Importer(815301076,1909f56bfc062723c751e8b465ee728b)  -> (artifact id: '79a0e579b61671768dad37e026484dc9') in 0.023306 seconds 
========================================================================
Received Import Request.
  Time since last request: 0.000038 seconds.
  path: Assets/模型/Poly Halloween/- Meshes/Halloween/lantern-street-movable-halloween.fbx
  artifactKey: Guid(7eb9e2f2950f3304990e9650eb6410c0) Importer(815301076,1909f56bfc062723c751e8b465ee728b)
Start importing Assets/模型/Poly Halloween/- Meshes/Halloween/lantern-street-movable-halloween.fbx using Guid(7eb9e2f2950f3304990e9650eb6410c0) Importer(815301076,1909f56bfc062723c751e8b465ee728b)  -> (artifact id: '05bf0c9ea8ad2a6099e01b2d77b00d2b') in 0.021135 seconds 
========================================================================
Received Import Request.
  Time since last request: 0.155769 seconds.
  path: Assets/模型/Poly Halloween/- Meshes/Halloween/mushroom-magical-champignon-a.fbx
  artifactKey: Guid(d8db764aa4329e64f8db533b55235176) Importer(815301076,1909f56bfc062723c751e8b465ee728b)
Start importing Assets/模型/Poly Halloween/- Meshes/Halloween/mushroom-magical-champignon-a.fbx using Guid(d8db764aa4329e64f8db533b55235176) Importer(815301076,1909f56bfc062723c751e8b465ee728b)  -> (artifact id: '0581348a27df0bede8ae272569b6b812') in 0.020794 seconds 
========================================================================
Received Import Request.
  Time since last request: 0.000031 seconds.
  path: Assets/模型/Poly Halloween/- Meshes/Halloween/pumpkin-candy.fbx
  artifactKey: Guid(6c0e584b97c9c0e479d39c9e403d176b) Importer(815301076,1909f56bfc062723c751e8b465ee728b)
Start importing Assets/模型/Poly Halloween/- Meshes/Halloween/pumpkin-candy.fbx using Guid(6c0e584b97c9c0e479d39c9e403d176b) Importer(815301076,1909f56bfc062723c751e8b465ee728b)  -> (artifact id: '084e0af7acb5741c879067d330260907') in 0.019023 seconds 
========================================================================
Received Import Request.
  Time since last request: 0.000023 seconds.
  path: Assets/模型/Poly Halloween/- Meshes/Halloween/pumpkin-a.fbx
  artifactKey: Guid(13326b0cef761824b8523aad19e2e964) Importer(815301076,1909f56bfc062723c751e8b465ee728b)
Start importing Assets/模型/Poly Halloween/- Meshes/Halloween/pumpkin-a.fbx using Guid(13326b0cef761824b8523aad19e2e964) Importer(815301076,1909f56bfc062723c751e8b465ee728b)  -> (artifact id: '33b166ecd7c5d15432cc92248b72022d') in 0.019503 seconds 
========================================================================
Received Import Request.
  Time since last request: 5.081709 seconds.
  path: Assets/模型/Poly Halloween/- Meshes/Halloween/scarecrow-a.fbx
  artifactKey: Guid(1e1c292275b80884c97279c3bfd12910) Importer(815301076,1909f56bfc062723c751e8b465ee728b)
Start importing Assets/模型/Poly Halloween/- Meshes/Halloween/scarecrow-a.fbx using Guid(1e1c292275b80884c97279c3bfd12910) Importer(815301076,1909f56bfc062723c751e8b465ee728b)  -> (artifact id: 'e32fa39e3961314cff08e9153e9e306b') in 0.021522 seconds 
========================================================================
Received Import Request.
  Time since last request: 0.034629 seconds.
  path: Assets/模型/Poly Halloween/- Meshes/Halloween/shovel-gravedigger.fbx
  artifactKey: Guid(b09dfbfcb65882440a52388a52b816f9) Importer(815301076,1909f56bfc062723c751e8b465ee728b)
Start importing Assets/模型/Poly Halloween/- Meshes/Halloween/shovel-gravedigger.fbx using Guid(b09dfbfcb65882440a52388a52b816f9) Importer(815301076,1909f56bfc062723c751e8b465ee728b)  -> (artifact id: '8a6ca8706efea6fc9d973488c9b656ee') in 0.015418 seconds 
========================================================================
Received Import Request.
  Time since last request: 0.486584 seconds.
  path: Assets/模型/Poly Halloween/- Meshes/Halloween/wall-graveyard-1m.fbx
  artifactKey: Guid(6605bda0413ebfb4aa39a528209bafa7) Importer(815301076,1909f56bfc062723c751e8b465ee728b)
Start importing Assets/模型/Poly Halloween/- Meshes/Halloween/wall-graveyard-1m.fbx using Guid(6605bda0413ebfb4aa39a528209bafa7) Importer(815301076,1909f56bfc062723c751e8b465ee728b)  -> (artifact id: '89e5b6cb72b8a60dece9e6c9ddf84ec2') in 0.022210 seconds 
========================================================================
Received Import Request.
  Time since last request: 0.429559 seconds.
  path: Assets/模型/Poly Halloween/- Meshes/Halloween/wall-graveyard-pillar.fbx
  artifactKey: Guid(ccf5ff725becd2c4093234367bb756c1) Importer(815301076,1909f56bfc062723c751e8b465ee728b)
Start importing Assets/模型/Poly Halloween/- Meshes/Halloween/wall-graveyard-pillar.fbx using Guid(ccf5ff725becd2c4093234367bb756c1) Importer(815301076,1909f56bfc062723c751e8b465ee728b)  -> (artifact id: '37244927da5d2f514890e2b54c991236') in 0.020282 seconds 
Editor requested this worker to shutdown with reason: Scaling down because of idle timeout
AssetImportWorkerClient::OnTransportError - code=2 error=End of file
AssetImportWorker is now disconnected from the server
Process exiting
Exiting without the bug reporter. Application will terminate with return code 0