Using pre-set license
Built from '2021.3/china_unity/release' branch; Version is '2021.3.18f1c1 (93698379025b) revision 9660803'; Using compiler version '192829333'; Build Type 'Release'
OS: 'Windows 11  (10.0.22631) 64bit Professional' Language: 'zh' Physical Memory: 16044 MB
BatchMode: 1, IsHumanControllingUs: 0, StartBugReporterOnCrash: 0, Is64bit: 1, IsPro: 1

COMMAND LINE ARGUMENTS:
D:\Unity hub 编辑器\2021.3.18f1c1\Editor\Unity.exe
-adb2
-batchMode
-noUpm
-name
AssetImportWorker13
-projectPath
D:/laolianga3/DUX-A3/My project
-logFile
Logs/AssetImportWorker13.log
-srvPort
51801
Successfully changed project path to: D:/laolianga3/DUX-A3/My project
D:/laolianga3/DUX-A3/My project
[UnityMemory] Configuration Parameters - Can be set up in boot.config
    "memorysetup-bucket-allocator-granularity=16"
    "memorysetup-bucket-allocator-bucket-count=8"
    "memorysetup-bucket-allocator-block-size=33554432"
    "memorysetup-bucket-allocator-block-count=8"
    "memorysetup-main-allocator-block-size=16777216"
    "memorysetup-thread-allocator-block-size=16777216"
    "memorysetup-gfx-main-allocator-block-size=16777216"
    "memorysetup-gfx-thread-allocator-block-size=16777216"
    "memorysetup-cache-allocator-block-size=4194304"
    "memorysetup-typetree-allocator-block-size=2097152"
    "memorysetup-profiler-bucket-allocator-granularity=16"
    "memorysetup-profiler-bucket-allocator-bucket-count=8"
    "memorysetup-profiler-bucket-allocator-block-size=33554432"
    "memorysetup-profiler-bucket-allocator-block-count=8"
    "memorysetup-profiler-allocator-block-size=16777216"
    "memorysetup-profiler-editor-allocator-block-size=1048576"
    "memorysetup-temp-allocator-size-main=16777216"
    "memorysetup-job-temp-allocator-block-size=2097152"
    "memorysetup-job-temp-allocator-block-size-background=1048576"
    "memorysetup-job-temp-allocator-reduction-small-platforms=262144"
    "memorysetup-temp-allocator-size-background-worker=32768"
    "memorysetup-temp-allocator-size-job-worker=262144"
    "memorysetup-temp-allocator-size-preload-manager=33554432"
    "memorysetup-temp-allocator-size-nav-mesh-worker=65536"
    "memorysetup-temp-allocator-size-audio-worker=65536"
    "memorysetup-temp-allocator-size-cloud-worker=32768"
    "memorysetup-temp-allocator-size-gi-baking-worker=262144"
    "memorysetup-temp-allocator-size-gfx=262144"
Player connection [28124] Host "[IP] 172.24.132.91 [Port] 0 [Flags] 2 [Guid] 2604576073 [EditorId] 2604576073 [Version] 1048832 [Id] WindowsEditor(7,WIN-UI4UV363F4U) [Debug] 1 [PackageName] WindowsEditor [ProjectName] Editor" joined multi-casting on [225.0.0.222:54997]...

Player connection [28124] Host "[IP] 172.24.132.91 [Port] 0 [Flags] 2 [Guid] 2604576073 [EditorId] 2604576073 [Version] 1048832 [Id] WindowsEditor(7,WIN-UI4UV363F4U) [Debug] 1 [PackageName] WindowsEditor [ProjectName] Editor" joined alternative multi-casting on [225.0.0.222:34997]...

AS: AutoStreaming module initializing.
Refreshing native plugins compatible for Editor in 49.95 ms, found 3 plugins.
Preloading 0 native plugins for Editor in 0.00 ms.
Initialize engine version: 2021.3.18f1c1 (93698379025b)
[Subsystems] Discovering subsystems at path D:/Unity hub 编辑器/2021.3.18f1c1/Editor/Data/Resources/UnitySubsystems
[Subsystems] Discovering subsystems at path D:/laolianga3/DUX-A3/My project/Assets
GfxDevice: creating device client; threaded=0; jobified=0
Direct3D:
    Version:  Direct3D 11.0 [level 11.1]
    Renderer: NVIDIA GeForce RTX 3070 Ti Laptop GPU (ID=0x24a0)
    Vendor:   NVIDIA
    VRAM:     8018 MB
    Driver:   32.0.15.6607
Initialize mono
Mono path[0] = 'D:/Unity hub 编辑器/2021.3.18f1c1/Editor/Data/Managed'
Mono path[1] = 'D:/Unity hub 编辑器/2021.3.18f1c1/Editor/Data/MonoBleedingEdge/lib/mono/unityjit-win32'
Mono config path = 'D:/Unity hub 编辑器/2021.3.18f1c1/Editor/Data/MonoBleedingEdge/etc'
Using monoOptions --debugger-agent=transport=dt_socket,embedding=1,server=y,suspend=n,address=127.0.0.1:56572
Begin MonoManager ReloadAssembly
Registering precompiled unity dll's ...
Register platform support module: D:/Unity hub 编辑器/2021.3.18f1c1/Editor/Data/PlaybackEngines/WebGLSupport/UnityEditor.WebGL.Extensions.dll
Register platform support module: D:/Unity hub 编辑器/2021.3.18f1c1/Editor/Data/PlaybackEngines/MacStandaloneSupport/UnityEditor.OSXStandalone.Extensions.dll
Register platform support module: D:/Unity hub 编辑器/2021.3.18f1c1/Editor/Data/PlaybackEngines/AndroidPlayer/UnityEditor.Android.Extensions.dll
Register platform support module: D:/Unity hub 编辑器/2021.3.18f1c1/Editor/Data/PlaybackEngines/iOSSupport/UnityEditor.iOS.Extensions.dll
Register platform support module: D:/Unity hub 编辑器/2021.3.18f1c1/Editor/Data/PlaybackEngines/AppleTVSupport/UnityEditor.AppleTV.Extensions.dll
Register platform support module: D:/Unity hub 编辑器/2021.3.18f1c1/Editor/Data/PlaybackEngines/WindowsStandaloneSupport/UnityEditor.WindowsStandalone.Extensions.dll
Register platform support module: D:/Unity hub 编辑器/2021.3.18f1c1/Editor/Data/PlaybackEngines/LinuxStandaloneSupport/UnityEditor.LinuxStandalone.Extensions.dll
Register platform support module: D:/Unity hub 编辑器/2021.3.18f1c1/Editor/Data/PlaybackEngines/MetroSupport/UnityEditor.UWP.Extensions.dll
Registered in 0.003296 seconds.
Native extension for UWP target not found
Native extension for LinuxStandalone target not found
Native extension for WindowsStandalone target not found
[usbmuxd] Start listen thread
[usbmuxd] Listen thread started
Native extension for AppleTV target not found
[usbmuxd] Start listen thread
[usbmuxd] Listen thread started
Native extension for iOS target not found
Native extension for Android target not found
Android Extension - Scanning For ADB Devices 190 ms
Native extension for OSXStandalone target not found
Native extension for WebGL target not found
Refreshing native plugins compatible for Editor in 49.57 ms, found 3 plugins.
Preloading 0 native plugins for Editor in 0.00 ms.
Mono: successfully reloaded assembly
- Completed reload, in  0.651 seconds
Domain Reload Profiling:
	ReloadAssembly (651ms)
		BeginReloadAssembly (63ms)
			ExecutionOrderSort (0ms)
			DisableScriptedObjects (0ms)
			BackupInstance (0ms)
			ReleaseScriptingObjects (0ms)
			CreateAndSetChildDomain (1ms)
		EndReloadAssembly (512ms)
			LoadAssemblies (62ms)
			RebuildTransferFunctionScriptingTraits (0ms)
			SetupTypeCache (75ms)
			ReleaseScriptCaches (0ms)
			RebuildScriptCaches (19ms)
			SetupLoadedEditorAssemblies (381ms)
				LogAssemblyErrors (0ms)
				InitializePlatformSupportModulesInManaged (244ms)
				SetLoadedEditorAssemblies (0ms)
				RefreshPlugins (50ms)
				BeforeProcessingInitializeOnLoad (1ms)
				ProcessInitializeOnLoadAttributes (58ms)
				ProcessInitializeOnLoadMethodAttributes (28ms)
				AfterProcessingInitializeOnLoad (0ms)
				EditorAssembliesLoaded (0ms)
			ExecutionOrderSort2 (0ms)
			AwakeInstancesAfterBackupRestoration (0ms)
Platform modules already initialized, skipping
Registering precompiled user dll's ...
Registered in 0.004862 seconds.
Begin MonoManager ReloadAssembly
Symbol file LoadedFromMemory doesn't match image D:\laolianga3\DUX-A3\My project\Library\PackageCache\com.unity.visualscripting@1.8.0\Editor\VisualScripting.Core\Dependencies\YamlDotNet\Unity.VisualScripting.YamlDotNet.dll
Symbol file LoadedFromMemory doesn't match image D:\laolianga3\DUX-A3\My project\Library\PackageCache\com.unity.visualscripting@1.8.0\Editor\VisualScripting.Core\Dependencies\DotNetZip\Unity.VisualScripting.IonicZip.dll
Native extension for UWP target not found
Native extension for LinuxStandalone target not found
Native extension for WindowsStandalone target not found
Native extension for AppleTV target not found
Native extension for iOS target not found
Native extension for Android target not found
Native extension for OSXStandalone target not found
Native extension for WebGL target not found
Refreshing native plugins compatible for Editor in 0.39 ms, found 3 plugins.
Preloading 0 native plugins for Editor in 0.00 ms.
Mono: successfully reloaded assembly
- Completed reload, in  0.672 seconds
Domain Reload Profiling:
	ReloadAssembly (673ms)
		BeginReloadAssembly (74ms)
			ExecutionOrderSort (0ms)
			DisableScriptedObjects (4ms)
			BackupInstance (0ms)
			ReleaseScriptingObjects (0ms)
			CreateAndSetChildDomain (15ms)
		EndReloadAssembly (520ms)
			LoadAssemblies (54ms)
			RebuildTransferFunctionScriptingTraits (0ms)
			SetupTypeCache (179ms)
			ReleaseScriptCaches (0ms)
			RebuildScriptCaches (32ms)
			SetupLoadedEditorAssemblies (224ms)
				LogAssemblyErrors (0ms)
				InitializePlatformSupportModulesInManaged (22ms)
				SetLoadedEditorAssemblies (0ms)
				RefreshPlugins (0ms)
				BeforeProcessingInitializeOnLoad (49ms)
				ProcessInitializeOnLoadAttributes (135ms)
				ProcessInitializeOnLoadMethodAttributes (14ms)
				AfterProcessingInitializeOnLoad (3ms)
				EditorAssembliesLoaded (0ms)
			ExecutionOrderSort2 (0ms)
			AwakeInstancesAfterBackupRestoration (4ms)
Platform modules already initialized, skipping
========================================================================
Worker process is ready to serve import requests
Launched and connected shader compiler UnityShaderCompiler.exe after 0.03 seconds
Refreshing native plugins compatible for Editor in 0.39 ms, found 3 plugins.
Preloading 0 native plugins for Editor in 0.00 ms.
Unloading 3050 Unused Serialized files (Serialized files now loaded: 0)
Unloading 22 unused Assets / (56.1 KB). Loaded Objects now: 3515.
Memory consumption went from 111.8 MB to 111.8 MB.
Total: 2.099400 ms (FindLiveObjects: 0.157800 ms CreateObjectMapping: 0.071900 ms MarkObjects: 1.821400 ms  DeleteObjects: 0.047500 ms)

AssetImportParameters requested are different than current active one (requested -> active):
  custom:video-decoder-ogg-theora: a1e56fd34408186e4bbccfd4996cb3dc -> 
  custom:container-muxer-webm: aa71ff27fc2769a1b78a27578f13a17b -> 
  custom:container-demuxer-webm: 4f35f7cbe854078d1ac9338744f61a02 -> 
  custom:video-encoder-webm-vp8: eb34c28f22e8b96e1ab97ce403110664 -> 
  custom:video-codec-MediaFoundation-h265: 746d11721c4dcdbdad8f713fa42b33f4 -> 
  custom:audio-encoder-webm-vorbis: bf7c407c2cedff20999df2af8eb42d56 -> 
  custom:framework-win-MediaFoundation: 216162199b28c13a410421893ffa2e32 -> 
  custom:container-demuxer-ogg: 62fdf1f143b41e24485cea50d1cbac27 -> 
  custom:video-decoder-webm-vp8: 9c59270c3fd7afecdb556c50c9e8de78 -> 
  custom:audio-decoder-ogg-vorbis: bf7c407c2cedff20999df2af8eb42d56 -> 
========================================================================
Received Import Request.
  Time since last request: 9839.066886 seconds.
  path: Assets/模型/Poly Halloween/- Prefabs/Halloween/lanterns-on-string-3m.prefab
  artifactKey: Guid(9d511107e9279ba498a7f99b3f32d2ac) Importer(815301076,1909f56bfc062723c751e8b465ee728b)
Start importing Assets/模型/Poly Halloween/- Prefabs/Halloween/lanterns-on-string-3m.prefab using Guid(9d511107e9279ba498a7f99b3f32d2ac) Importer(815301076,1909f56bfc062723c751e8b465ee728b)  -> (artifact id: 'f509bd050d96b786bb9aed9426e9343d') in 0.120400 seconds 
========================================================================
Received Import Request.
  Time since last request: 0.210113 seconds.
  path: Assets/模型/Poly Halloween/- Prefabs/Halloween/lollipop-round-a.prefab
  artifactKey: Guid(3e02d5297645e584bb25aec22913ffbf) Importer(815301076,1909f56bfc062723c751e8b465ee728b)
Start importing Assets/模型/Poly Halloween/- Prefabs/Halloween/lollipop-round-a.prefab using Guid(3e02d5297645e584bb25aec22913ffbf) Importer(815301076,1909f56bfc062723c751e8b465ee728b)  -> (artifact id: '69df758d99d33f0832fa163b7ea253fb') in 0.033405 seconds 
========================================================================
Received Import Request.
  Time since last request: 82.482626 seconds.
  path: Assets/模型/Poly Halloween/- Prefabs/Halloween/mushroom-magical-amanita-mature.prefab
  artifactKey: Guid(a629a3959f8b3c24e90fb06d496c5cd6) Importer(815301076,1909f56bfc062723c751e8b465ee728b)
Start importing Assets/模型/Poly Halloween/- Prefabs/Halloween/mushroom-magical-amanita-mature.prefab using Guid(a629a3959f8b3c24e90fb06d496c5cd6) Importer(815301076,1909f56bfc062723c751e8b465ee728b)  -> (artifact id: 'b79496f6972c459aa17706b9e2f3fd42') in 0.017392 seconds 
========================================================================
Received Import Request.
  Time since last request: 0.000022 seconds.
  path: Assets/模型/Poly Halloween/- Prefabs/Halloween/mushroom-magical-champignon-b.prefab
  artifactKey: Guid(fffba91942c50aa4a8e8455edade1bfd) Importer(815301076,1909f56bfc062723c751e8b465ee728b)
Start importing Assets/模型/Poly Halloween/- Prefabs/Halloween/mushroom-magical-champignon-b.prefab using Guid(fffba91942c50aa4a8e8455edade1bfd) Importer(815301076,1909f56bfc062723c751e8b465ee728b)  -> (artifact id: '20f28b4519ac6a95bf82ceeb0568a96e') in 0.021219 seconds 
========================================================================
Received Import Request.
  Time since last request: 0.013318 seconds.
  path: Assets/模型/Poly Halloween/- Prefabs/Halloween/mushroom-magical-cluster-a.prefab
  artifactKey: Guid(17ecc69fedc732d4b96ab4722d7dd95f) Importer(815301076,1909f56bfc062723c751e8b465ee728b)
Start importing Assets/模型/Poly Halloween/- Prefabs/Halloween/mushroom-magical-cluster-a.prefab using Guid(17ecc69fedc732d4b96ab4722d7dd95f) Importer(815301076,1909f56bfc062723c751e8b465ee728b)  -> (artifact id: '9931be882e078f6a7a55c2e9eaf140c5') in 0.022379 seconds 
========================================================================
Received Import Request.
  Time since last request: 0.000022 seconds.
  path: Assets/模型/Poly Halloween/- Prefabs/Halloween/pumpkin-a.prefab
  artifactKey: Guid(36694657a5f6ed44ca298dd8501b1122) Importer(815301076,1909f56bfc062723c751e8b465ee728b)
Start importing Assets/模型/Poly Halloween/- Prefabs/Halloween/pumpkin-a.prefab using Guid(36694657a5f6ed44ca298dd8501b1122) Importer(815301076,1909f56bfc062723c751e8b465ee728b)  -> (artifact id: '33d061f74595f000d774f4ab4a4f87f7') in 0.021975 seconds 
========================================================================
Received Import Request.
  Time since last request: 0.521259 seconds.
  path: Assets/模型/Poly Halloween/- Prefabs/Halloween/pumpkin-carved-a.prefab
  artifactKey: Guid(94db350adfd5a3d4eb7c62ccad6d22ab) Importer(815301076,1909f56bfc062723c751e8b465ee728b)
Start importing Assets/模型/Poly Halloween/- Prefabs/Halloween/pumpkin-carved-a.prefab using Guid(94db350adfd5a3d4eb7c62ccad6d22ab) Importer(815301076,1909f56bfc062723c751e8b465ee728b)  -> (artifact id: 'e700f1094d7b0fdad1aa9fc67901b1f0') in 0.018177 seconds 
========================================================================
Received Import Request.
  Time since last request: 0.000015 seconds.
  path: Assets/模型/Poly Halloween/- Prefabs/Halloween/pumpkin-carved-c.prefab
  artifactKey: Guid(737b2ceae882db340aac61b2125abb1e) Importer(815301076,1909f56bfc062723c751e8b465ee728b)
Start importing Assets/模型/Poly Halloween/- Prefabs/Halloween/pumpkin-carved-c.prefab using Guid(737b2ceae882db340aac61b2125abb1e) Importer(815301076,1909f56bfc062723c751e8b465ee728b)  -> (artifact id: '93feda18940421d4a8a229f84cfe124d') in 0.022238 seconds 
========================================================================
Received Import Request.
  Time since last request: 0.411992 seconds.
  path: Assets/模型/Poly Halloween/- Prefabs/Halloween/pumpkin-carved-lit-b.prefab
  artifactKey: Guid(32a07afdb9244484ea69e3551e9cbd4f) Importer(815301076,1909f56bfc062723c751e8b465ee728b)
Start importing Assets/模型/Poly Halloween/- Prefabs/Halloween/pumpkin-carved-lit-b.prefab using Guid(32a07afdb9244484ea69e3551e9cbd4f) Importer(815301076,1909f56bfc062723c751e8b465ee728b)  -> (artifact id: '68dae208f2eab481ddba6e396edb8e86') in 0.019102 seconds 
========================================================================
Received Import Request.
  Time since last request: 0.000022 seconds.
  path: Assets/模型/Poly Halloween/- Prefabs/Halloween/scarecrow-a.prefab
  artifactKey: Guid(6466f21c32f0b664d8f3c4d04a087c49) Importer(815301076,1909f56bfc062723c751e8b465ee728b)
Start importing Assets/模型/Poly Halloween/- Prefabs/Halloween/scarecrow-a.prefab using Guid(6466f21c32f0b664d8f3c4d04a087c49) Importer(815301076,1909f56bfc062723c751e8b465ee728b)  -> (artifact id: 'e9c5e94020cdc6e597cf36f35ce08d00') in 0.019963 seconds 
========================================================================
Received Import Request.
  Time since last request: 0.005937 seconds.
  path: Assets/模型/Poly Halloween/- Prefabs/Halloween/scythe.prefab
  artifactKey: Guid(5d1c6b9606695db4f95ec9b45a56a860) Importer(815301076,1909f56bfc062723c751e8b465ee728b)
Start importing Assets/模型/Poly Halloween/- Prefabs/Halloween/scythe.prefab using Guid(5d1c6b9606695db4f95ec9b45a56a860) Importer(815301076,1909f56bfc062723c751e8b465ee728b)  -> (artifact id: '302cf2d0bdc77f47d95022c0d284c2e6') in 0.023175 seconds 
========================================================================
Received Import Request.
  Time since last request: 0.000028 seconds.
  path: Assets/模型/Poly Halloween/- Prefabs/Halloween/shovel-gravedigger.prefab
  artifactKey: Guid(f30aa3ad24da6454696bbf72dce6a69a) Importer(815301076,1909f56bfc062723c751e8b465ee728b)
Start importing Assets/模型/Poly Halloween/- Prefabs/Halloween/shovel-gravedigger.prefab using Guid(f30aa3ad24da6454696bbf72dce6a69a) Importer(815301076,1909f56bfc062723c751e8b465ee728b)  -> (artifact id: '9fccf617f7fbc0fd3bb64396b36043ea') in 0.022384 seconds 
========================================================================
Received Import Request.
  Time since last request: 0.312845 seconds.
  path: Assets/模型/Poly Halloween/- Prefabs/Halloween/string-of-flags-5m.prefab
  artifactKey: Guid(e599aac102f3b92438c6de45169052e4) Importer(815301076,1909f56bfc062723c751e8b465ee728b)
Start importing Assets/模型/Poly Halloween/- Prefabs/Halloween/string-of-flags-5m.prefab using Guid(e599aac102f3b92438c6de45169052e4) Importer(815301076,1909f56bfc062723c751e8b465ee728b)  -> (artifact id: '587ab12a85b8423f4f78350e0e2d39f7') in 0.018731 seconds 
========================================================================
Received Import Request.
  Time since last request: 0.000059 seconds.
  path: Assets/模型/Poly Halloween/- Prefabs/Halloween/stump-possesed.prefab
  artifactKey: Guid(6d58392d0b7c5a44a82040de4cdf5f68) Importer(815301076,1909f56bfc062723c751e8b465ee728b)
Start importing Assets/模型/Poly Halloween/- Prefabs/Halloween/stump-possesed.prefab using Guid(6d58392d0b7c5a44a82040de4cdf5f68) Importer(815301076,1909f56bfc062723c751e8b465ee728b)  -> (artifact id: '5da6481c466f72e8b3c955428456b0d9') in 0.021949 seconds 
========================================================================
Received Import Request.
  Time since last request: 0.018480 seconds.
  path: Assets/模型/Poly Halloween/- Prefabs/Halloween/wall-graveyard-1m.prefab
  artifactKey: Guid(a360f7d95901f2e4081dccc2d8cd0542) Importer(815301076,1909f56bfc062723c751e8b465ee728b)
Start importing Assets/模型/Poly Halloween/- Prefabs/Halloween/wall-graveyard-1m.prefab using Guid(a360f7d95901f2e4081dccc2d8cd0542) Importer(815301076,1909f56bfc062723c751e8b465ee728b)  -> (artifact id: '159c4f364f708f9a6d6a95cfa6ed72c8') in 0.021775 seconds 
========================================================================
Received Import Request.
  Time since last request: 0.000018 seconds.
  path: Assets/模型/Poly Halloween/- Prefabs/Halloween/wall-graveyard-2m.prefab
  artifactKey: Guid(58543e3d6e1c1f5488ffd8c9ba997c4c) Importer(815301076,1909f56bfc062723c751e8b465ee728b)
Start importing Assets/模型/Poly Halloween/- Prefabs/Halloween/wall-graveyard-2m.prefab using Guid(58543e3d6e1c1f5488ffd8c9ba997c4c) Importer(815301076,1909f56bfc062723c751e8b465ee728b)  -> (artifact id: 'cb8400a0ae6f2b76ccd061add32484a5') in 0.021880 seconds 
========================================================================
Received Import Request.
  Time since last request: 0.645333 seconds.
  path: Assets/模型/Poly Halloween/- Prefabs/Halloween/wall-graveyard-end 1.prefab
  artifactKey: Guid(e2988c31f93223f45b96296589bed8a2) Importer(815301076,1909f56bfc062723c751e8b465ee728b)
Start importing Assets/模型/Poly Halloween/- Prefabs/Halloween/wall-graveyard-end 1.prefab using Guid(e2988c31f93223f45b96296589bed8a2) Importer(815301076,1909f56bfc062723c751e8b465ee728b)  -> (artifact id: '1712ee42918b169b4e82998b22c08631') in 0.019178 seconds 
========================================================================
Received Import Request.
  Time since last request: 0.000017 seconds.
  path: Assets/模型/Poly Halloween/- Prefabs/Halloween/wall-graveyard-pillar.prefab
  artifactKey: Guid(0d2a77e2f136c52429667f8afd9c8201) Importer(815301076,1909f56bfc062723c751e8b465ee728b)
Start importing Assets/模型/Poly Halloween/- Prefabs/Halloween/wall-graveyard-pillar.prefab using Guid(0d2a77e2f136c52429667f8afd9c8201) Importer(815301076,1909f56bfc062723c751e8b465ee728b)  -> (artifact id: 'ab1d1677259cfec3677d8af61158411b') in 0.020466 seconds 
========================================================================
Received Prepare
Registering precompiled user dll's ...
Registered in 0.004873 seconds.
Begin MonoManager ReloadAssembly
Symbol file LoadedFromMemory doesn't match image D:\laolianga3\DUX-A3\My project\Library\PackageCache\com.unity.visualscripting@1.8.0\Editor\VisualScripting.Core\Dependencies\YamlDotNet\Unity.VisualScripting.YamlDotNet.dll
Symbol file LoadedFromMemory doesn't match image D:\laolianga3\DUX-A3\My project\Library\PackageCache\com.unity.visualscripting@1.8.0\Editor\VisualScripting.Core\Dependencies\DotNetZip\Unity.VisualScripting.IonicZip.dll
Native extension for UWP target not found
Native extension for LinuxStandalone target not found
Native extension for WindowsStandalone target not found
Native extension for AppleTV target not found
Native extension for iOS target not found
Native extension for Android target not found
Native extension for OSXStandalone target not found
Native extension for WebGL target not found
Refreshing native plugins compatible for Editor in 1.21 ms, found 3 plugins.
Preloading 0 native plugins for Editor in 0.00 ms.
Mono: successfully reloaded assembly
- Completed reload, in  0.706 seconds
Domain Reload Profiling:
	ReloadAssembly (707ms)
		BeginReloadAssembly (95ms)
			ExecutionOrderSort (0ms)
			DisableScriptedObjects (3ms)
			BackupInstance (0ms)
			ReleaseScriptingObjects (0ms)
			CreateAndSetChildDomain (27ms)
		EndReloadAssembly (548ms)
			LoadAssemblies (52ms)
			RebuildTransferFunctionScriptingTraits (0ms)
			SetupTypeCache (173ms)
			ReleaseScriptCaches (1ms)
			RebuildScriptCaches (31ms)
			SetupLoadedEditorAssemblies (247ms)
				LogAssemblyErrors (0ms)
				InitializePlatformSupportModulesInManaged (34ms)
				SetLoadedEditorAssemblies (1ms)
				RefreshPlugins (1ms)
				BeforeProcessingInitializeOnLoad (45ms)
				ProcessInitializeOnLoadAttributes (146ms)
				ProcessInitializeOnLoadMethodAttributes (16ms)
				AfterProcessingInitializeOnLoad (4ms)
				EditorAssembliesLoaded (0ms)
			ExecutionOrderSort2 (0ms)
			AwakeInstancesAfterBackupRestoration (5ms)
Platform modules already initialized, skipping
Refreshing native plugins compatible for Editor in 1.30 ms, found 3 plugins.
Preloading 0 native plugins for Editor in 0.00 ms.
Unloading 3043 Unused Serialized files (Serialized files now loaded: 0)
Unloading 15 unused Assets / (24.7 KB). Loaded Objects now: 3526.
Memory consumption went from 115.9 MB to 115.9 MB.
Total: 2.449200 ms (FindLiveObjects: 0.186100 ms CreateObjectMapping: 0.069900 ms MarkObjects: 2.177400 ms  DeleteObjects: 0.015200 ms)

AssetImportParameters requested are different than current active one (requested -> active):
  custom:video-decoder-ogg-theora: a1e56fd34408186e4bbccfd4996cb3dc -> 
  custom:container-muxer-webm: aa71ff27fc2769a1b78a27578f13a17b -> 
  custom:container-demuxer-webm: 4f35f7cbe854078d1ac9338744f61a02 -> 
  custom:video-encoder-webm-vp8: eb34c28f22e8b96e1ab97ce403110664 -> 
  custom:video-codec-MediaFoundation-h265: 746d11721c4dcdbdad8f713fa42b33f4 -> 
  custom:audio-encoder-webm-vorbis: bf7c407c2cedff20999df2af8eb42d56 -> 
  custom:framework-win-MediaFoundation: 216162199b28c13a410421893ffa2e32 -> 
  custom:container-demuxer-ogg: 62fdf1f143b41e24485cea50d1cbac27 -> 
  custom:video-decoder-webm-vp8: 9c59270c3fd7afecdb556c50c9e8de78 -> 
  custom:audio-decoder-ogg-vorbis: bf7c407c2cedff20999df2af8eb42d56 -> 
========================================================================
Received Import Request.
  Time since last request: 870.341209 seconds.
  path: Assets/模型/Poly Halloween/- Textures/Universal/atlas-emission-night-a.png
  artifactKey: Guid(3d3361805c7d1d847b8bcd82b59f0a2e) Importer(815301076,1909f56bfc062723c751e8b465ee728b)
Start importing Assets/模型/Poly Halloween/- Textures/Universal/atlas-emission-night-a.png using Guid(3d3361805c7d1d847b8bcd82b59f0a2e) Importer(815301076,1909f56bfc062723c751e8b465ee728b)  -> (artifact id: 'b6adbee7961c0aca37f57def51b7b23e') in 0.060073 seconds 
========================================================================
Received Import Request.
  Time since last request: 0.000033 seconds.
  path: Assets/模型/Poly Halloween/- Textures/Universal/atlas-metallic.tif
  artifactKey: Guid(fd22d0e5ce533a6458c79bd374ec9cf8) Importer(815301076,1909f56bfc062723c751e8b465ee728b)
Start importing Assets/模型/Poly Halloween/- Textures/Universal/atlas-metallic.tif using Guid(fd22d0e5ce533a6458c79bd374ec9cf8) Importer(815301076,1909f56bfc062723c751e8b465ee728b)  -> (artifact id: '2b8e10933c0be521e0bdc7769660031a') in 0.059207 seconds 
========================================================================
Received Import Request.
  Time since last request: 0.477278 seconds.
  path: Assets/模型/Poly Halloween/- Textures/Nature/dirt-01-norm.png
  artifactKey: Guid(322897a3f386af04da16877f496e12c9) Importer(815301076,1909f56bfc062723c751e8b465ee728b)
Start importing Assets/模型/Poly Halloween/- Textures/Nature/dirt-01-norm.png using Guid(322897a3f386af04da16877f496e12c9) Importer(815301076,1909f56bfc062723c751e8b465ee728b)  -> (artifact id: '5a35feae61f76e120288813190ffeb71') in 0.024159 seconds 
========================================================================
Received Import Request.
  Time since last request: 0.000022 seconds.
  path: Assets/模型/Poly Halloween/- Textures/Nature/foliage-a.png
  artifactKey: Guid(4ee7f32c8b2899a4ab570162e4deb5f1) Importer(815301076,1909f56bfc062723c751e8b465ee728b)
Start importing Assets/模型/Poly Halloween/- Textures/Nature/foliage-a.png using Guid(4ee7f32c8b2899a4ab570162e4deb5f1) Importer(815301076,1909f56bfc062723c751e8b465ee728b)  -> (artifact id: '8ef64b241d2b8b0e26c91ef608e7ce05') in 0.016060 seconds 
========================================================================
Received Import Request.
  Time since last request: 0.000018 seconds.
  path: Assets/模型/Poly Halloween/- Textures/Nature/rock-disp.png
  artifactKey: Guid(a5c65a2ac300f064daa45a296a907880) Importer(815301076,1909f56bfc062723c751e8b465ee728b)
Start importing Assets/模型/Poly Halloween/- Textures/Nature/rock-disp.png using Guid(a5c65a2ac300f064daa45a296a907880) Importer(815301076,1909f56bfc062723c751e8b465ee728b)  -> (artifact id: 'ac12777770949e25d554b6fbc4b7eb4c') in 0.016699 seconds 
========================================================================
Received Import Request.
  Time since last request: 3.335857 seconds.
  path: Assets/模型/Poly Halloween/- Prefabs/Nature/Rocks/stone-f.prefab
  artifactKey: Guid(135cfa328d7fcb14abf14ee831d9d7d2) Importer(815301076,1909f56bfc062723c751e8b465ee728b)
Start importing Assets/模型/Poly Halloween/- Prefabs/Nature/Rocks/stone-f.prefab using Guid(135cfa328d7fcb14abf14ee831d9d7d2) Importer(815301076,1909f56bfc062723c751e8b465ee728b)  -> (artifact id: 'b3b2f1e745832df5fd49c8c2a5a5c3df') in 0.041958 seconds 
========================================================================
Received Import Request.
  Time since last request: 1.685836 seconds.
  path: Assets/模型/Poly Halloween/- Prefabs/People/man-killer-halloween.prefab
  artifactKey: Guid(138bea4fcc575f24bb71a706968042c1) Importer(815301076,1909f56bfc062723c751e8b465ee728b)
Start importing Assets/模型/Poly Halloween/- Prefabs/People/man-killer-halloween.prefab using Guid(138bea4fcc575f24bb71a706968042c1) Importer(815301076,1909f56bfc062723c751e8b465ee728b)  -> (artifact id: '96151bc9c6fad6b6df994f441e9c3fa3') in 0.043645 seconds 
Editor requested this worker to shutdown with reason: Scaling down because of idle timeout
AssetImportWorkerClient::OnTransportError - code=2 error=End of file
AssetImportWorker is now disconnected from the server
Process exiting
Exiting without the bug reporter. Application will terminate with return code 0